[  50/1997] AGI       bars=   0  cache_hit=0  elapsed= 19.9s  rate= 2.5/s  eta=  776s
[ 100/1997] AMH       bars=   0  cache_hit=0  elapsed= 39.5s  rate= 2.5/s  eta=  749s
[ 150/1997] ARWR      bars=   0  cache_hit=0  elapsed= 60.7s  rate= 2.5/s  eta=  747s
[ 200/1997] B 0 09/15/22  SKIP (non-equity)  elapsed= 77.8s  rate= 2.6/s  eta=  699s
[ 250/1997] BEPC      bars=   0  cache_hit=0  elapsed= 97.4s  rate= 2.6/s  eta=  681s
[ 300/1997] BRKL      bars=   0  cache_hit=0  elapsed=116.2s  rate= 2.6/s  eta=  657s
[ 350/1997] CCI       bars=   0  cache_hit=0  elapsed=135.0s  rate= 2.6/s  eta=  635s
[ 400/1997] CME       bars=   0  cache_hit=0  elapsed=155.3s  rate= 2.6/s  eta=  620s
[ 450/1997] CRDO      bars=   0  cache_hit=0  elapsed=174.4s  rate= 2.6/s  eta=  600s
[ 500/1997] DBOEF     bars=   0  cache_hit=0  elapsed=194.9s  rate= 2.6/s  eta=  584s
[ 550/1997] DSCSY     bars=   0  cache_hit=0  elapsed=214.7s  rate= 2.6/s  eta=  565s
[ 600/1997] ENLAY     bars= 498  cache_hit=1  elapsed=233.6s  rate= 2.6/s  eta=  544s
[ 650/1997] FAST      bars=   0  cache_hit=0  elapsed=252.8s  rate= 2.6/s  eta=  524s
[ 700/1997] FMC       bars=   0  cache_hit=0  elapsed=271.1s  rate= 2.6/s  eta=  502s
[ 750/1997] GEOPPLP   bars=   0  cache_hit=0  elapsed=290.6s  rate= 2.6/s  eta=  483s
[ 800/1997] GTY       bars=   0  cache_hit=0  elapsed=308.9s  rate= 2.6/s  eta=  462s
[ 850/1997] HOOD      bars=   0  cache_hit=0  elapsed=330.2s  rate= 2.6/s  eta=  446s
[ 900/1997] IDEXY     bars=   0  cache_hit=0  elapsed=351.8s  rate= 2.6/s  eta=  429s
[ 950/1997] ITCI      bars=   0  cache_hit=0  elapsed=370.7s  rate= 2.6/s  eta=  409s
[1000/1997] KEYS      bars=   0  cache_hit=0  elapsed=391.5s  rate= 2.6/s  eta=  390s
[1050/1997] LGN       bars=   0  cache_hit=0  elapsed=411.3s  rate= 2.6/s  eta=  371s
[1100/1997] MA        bars=   0  cache_hit=0  elapsed=431.9s  rate= 2.5/s  eta=  352s
[1150/1997] MKTX      bars=   0  cache_hit=0  elapsed=452.5s  rate= 2.5/s  eta=  333s
[1200/1997] MTSFY     bars=   0  cache_hit=0  elapsed=473.1s  rate= 2.5/s  eta=  314s
